  PreCompile.cpp
  imgui_impl_glfw.cpp
  imgui_impl_opengl3.cpp
C:\Users\phili\Desktop\Spark_Rabbit\SparkRabbit\src\PlatForm\OpenGL\imgui_impl_opengl3.cpp(91): warning C4603: '_CRT_SECURE_NO_WARNINGS': macro is not defined or definition is different after precompiled header use
C:\Users\phili\Desktop\Spark_Rabbit\SparkRabbit\src\PlatForm\OpenGL\imgui_impl_opengl3.cpp(91): message : Add macro to precompiled header instead of defining here
C:\Users\phili\Desktop\Spark_Rabbit\SparkRabbit\src\PlatForm\OpenGL\imgui_impl_opengl3.cpp(93): message : use of precompiled header
C:\Users\phili\Desktop\Spark_Rabbit\SparkRabbit\src\PlatForm\OpenGL\imgui_impl_opengl3.cpp(269,9): warning C4996: 'sscanf': This function or variable may be unsafe. Consider using sscanf_s instead. To disable deprecation, use _CRT_SECURE_NO_WARNINGS. See online help for details.
C:\Users\phili\Desktop\Spark_Rabbit\SparkRabbit\src\PlatForm\OpenGL\imgui_impl_opengl3.cpp(305,5): warning C4996: 'strcpy': This function or variable may be unsafe. Consider using strcpy_s instead. To disable deprecation, use _CRT_SECURE_NO_WARNINGS. See online help for details.
C:\Users\phili\Desktop\Spark_Rabbit\SparkRabbit\src\PlatForm\OpenGL\imgui_impl_opengl3.cpp(306,5): warning C4996: 'strcat': This function or variable may be unsafe. Consider using strcat_s instead. To disable deprecation, use _CRT_SECURE_NO_WARNINGS. See online help for details.
C:\Users\phili\Desktop\Spark_Rabbit\SparkRabbit\src\PlatForm\OpenGL\imgui_impl_opengl3.cpp(698,5): warning C4996: 'sscanf': This function or variable may be unsafe. Consider using sscanf_s instead. To disable deprecation, use _CRT_SECURE_NO_WARNINGS. See online help for details.
  WindowsInput.cpp
  WindowsWindow.cpp
C:\Users\phili\Desktop\Spark_Rabbit\SparkRabbit\src\PlatForm\WindowsWindow.cpp(63,41): warning C4244: 'argument': conversion from 'double' to 'float', possible loss of data
C:\Users\phili\Desktop\Spark_Rabbit\SparkRabbit\src\PlatForm\WindowsWindow.cpp(63,35): warning C4244: 'argument': conversion from 'double' to 'float', possible loss of data
C:\Users\phili\Desktop\Spark_Rabbit\SparkRabbit\src\PlatForm\WindowsWindow.cpp(70,50): warning C4244: 'argument': conversion from 'double' to 'float', possible loss of data
C:\Users\phili\Desktop\Spark_Rabbit\SparkRabbit\src\PlatForm\WindowsWindow.cpp(70,41): warning C4244: 'argument': conversion from 'double' to 'float', possible loss of data
  Application.cpp
C:\Users\phili\Desktop\Spark_Rabbit\SparkRabbit\src\SparkRabbit\Application.cpp(319,4): warning C4267: 'argument': conversion from 'size_t' to 'GLsizei', possible loss of data
  ImguiLayer.cpp
C:\Users\phili\Desktop\Spark_Rabbit\SparkRabbit\src\SparkRabbit\Imgui\ImguiLayer.cpp(6,1): warning C4005: 'IMGUI_IMPL_API': macro redefinition
C:\Users\phili\Desktop\Spark_Rabbit\SparkRabbit\ThirdParties\Imgui\imgui.h(81): message : see previous definition of 'IMGUI_IMPL_API'
C:\Users\phili\Desktop\Spark_Rabbit\SparkRabbit\src\SparkRabbit\Imgui\ImguiLayer.cpp(68,80): warning C4244: 'argument': conversion from 'unsigned int' to 'float', possible loss of data
C:\Users\phili\Desktop\Spark_Rabbit\SparkRabbit\src\SparkRabbit\Imgui\ImguiLayer.cpp(68,51): warning C4244: 'argument': conversion from 'unsigned int' to 'float', possible loss of data
  Layer.cpp
  LayerStack.cpp
  Log.cpp
  ComputeNormal.cpp
  Control.cpp
C:\Users\phili\Desktop\Spark_Rabbit\SparkRabbit\src\SparkRabbit\Render\Control.cpp(53,19): warning C4244: 'initializing': conversion from 'double' to 'float', possible loss of data
C:\Users\phili\Desktop\Spark_Rabbit\SparkRabbit\src\SparkRabbit\Render\Control.cpp(54,19): warning C4244: 'initializing': conversion from 'double' to 'float', possible loss of data
  Load.cpp
  Buffer.cpp
  OpenglBuffer.cpp
  OpenglContext.cpp
  OpenglShader.cpp
  Shader.cpp
  Texture.cpp
C:\Users\phili\Desktop\Spark_Rabbit\SparkRabbit\src\SparkRabbit\Render\Texture.cpp(34,16): warning C4996: 'fopen': This function or variable may be unsafe. Consider using fopen_s instead. To disable deprecation, use _CRT_SECURE_NO_WARNINGS. See online help for details.
C:\Users\phili\Desktop\Spark_Rabbit\SparkRabbit\src\SparkRabbit\Render\Texture.cpp(114,8): warning C4996: 'fopen': This function or variable may be unsafe. Consider using fopen_s instead. To disable deprecation, use _CRT_SECURE_NO_WARNINGS. See online help for details.
  VBOHandler.cpp
  Generating Code...
  SparkRabbit.vcxproj -> C:\Users\phili\Desktop\Spark_Rabbit\bin\Debug-windows-x86_64\SparkRabbit\SparkRabbit.lib
